{"numFailedTestSuites":2,"numFailedTests":7,"numPassedTestSuites":0,"numPassedTests":5,"numPendingTestSuites":0,"numPendingTests":0,"numRuntimeErrorTestSuites":1,"numTodoTests":0,"numTotalTestSuites":2,"numTotalTests":12,"openHandles":[],"snapshot":{"added":0,"didUpdate":false,"failure":false,"filesAdded":0,"filesRemoved":0,"filesRemovedList":[],"filesUnmatched":0,"filesUpdated":0,"matched":0,"total":0,"unchecked":0,"uncheckedKeysByFile":[],"unmatched":0,"updated":0},"startTime":1707433139756,"success":false,"testResults":[{"assertionResults":[{"ancestorTitles":["Rubric Evaluation"],"duration":5,"failureDetails":[{"matcherResult":{"message":"expect(received).toContain(expected) // indexOf\n\nExpected substring: \"<link rel=\\\"stylesheet\\\" href=\\\"styles.css\\\">\"\nReceived string:    \"<!DOCTYPE html>\n<html>\n  <head>\n    <link rel=\\\"stylesheet\\\" href=\\\"styles.css\\\" />\n    <link href='https://unpkg.com/boxicons@2.1.4/css/boxicons.min.css' rel='stylesheet'>\n  </head>\n  <body>\n    <!-- START NAV -->·\n    <nav id=\\\"navbar\\\" class=\\\"nav\\\">\n      <ul class=\\\"nav-list\\\">\n        <li>\n          <a href=\\\"#home\\\">Home</a>\n        </li>\n        <li>\n          <a href=\\\"#about\\\">About</a>\n        </li>\n        <li>\n          <a href=\\\"#books\\\">books</a>\n        </li>\n      </ul>\n    </nav>·\n    <!-- END NAV -->·\n    <!-- START WELCOME SECTION -->\n<div>\n    <section id=\\\"home\\\" class=\\\"welcome-section\\\">\n      <h1>I am Khaled Hosseini</h1>\n      <p class=\\\"accept\\\">a wrtiter</p><br>\n    </div>\n      <div class=\\\"home-sci\\\">\n        <a href=\\\"https://www.facebook.com/KhaledHosseini/\\\" target=\\\"_blank\\\"><i class='bx bxl-facebook'></i></a>\n        <a href=\\\"https://twitter.com/khaledhosseini?lang=en\\\" target=\\\"_blank\\\"><i class='bx bxl-twitter'></i></a>\n        <a href=\\\"https://www.instagram.com/khosseini/?hl=en\\\" target=\\\"_blank\\\"><i class='bx bxl-instagram-alt'></i></a>\n    </div>\n    </section>\n    <section>\n      <section id=\\\"about\\\">\n      <h2>About</h2>\n      <p>Khaled Hosseini (/ˈhɑːlɛd hoʊˈseɪni/;Persian خالد حسینی [ˈxɒled hoˈsejni]; born March 4, 1965) is an Afghan-American novelist, UNHCR goodwill ambassador, and former physician. His debut novel The Kite Runner (2003) was a critical and commercial success; the book and his subsequent novels have all been at least partially set in Afghanistan and have featured an Afghan as the protagonist. Hosseini's novels have enlightened the global audience about Afghanistan's people and culture <a href=\\\"https://en.wikipedia.org/wiki/Khaled_Hosseini\\\">....</a></p>\n        <img src=\\\"image/download.webp\\\" alt=\\\"KhaledHosseini\\\">\n      </section>\n      <section id=\\\"books\\\">\n      <h2>Books</h2>\n        <div class=\\\"book-container\\\">\n  <div class=\\\"book\\\">\n<h3>The Kite Runner</h3><br>\n<img src=\\\"image/The Kite Runner.jpeg\\\" alt=\\\"novel\\\">\n<h4><a href=\\\"https://thesassylibraryfox.wordpress.com/2021/12/19/review-the-kite-runner-khaled-hosseini/\\\" target=\\\"_blank\\\">Review</a></h4>\n   <h4><a href=\\\"https://www.amazon.es/Kite-Runner-Khaled-Hosseini/dp/1526604736\\\" target=\\\"_blank\\\">Complete book</a></h4>·\n  <h4><a href=\\\"https://www.primevideo.com/-/es/detail/The-Kite-Runner/0IQX26QL714KMGUM1Z7S78WH8U\\\" target=\\\"_blank\\\">Movie</a></h4>\n  </div>\n  <div class=\\\"book\\\">\n    <h3>A Thousand Splendid Suns</h3><br>\n    <img src=\\\"image/A Thousand Splendid Suns.jpeg\\\" alt=\\\"novel\\\">\n    <h4><a href=\\\"https://nerdybookarazzi.wordpress.com/2020/08/03/a-thousand-splendid-suns-by-khaled-hosseini-book-review/\\\" target=\\\"_blank\\\">Review</a></h4>\n  <h4><a href=\\\"https://www.amazon.com/Thousand-Splendid-Suns-Khaled-Hosseini/dp/159448385X\\\" target=\\\"_blank\\\">Complete book</a></h4>\n  </div>\n  <div class=\\\"book\\\">\n    <h3>And The Mountains Echoed</h3><br>\n    <img src=\\\"image/And The Mountains Echoed.jpeg\\\" alt=\\\"novel\\\">\n    <h4><a href=\\\"https://www.google.es/books/edition/And_the_Mountains_Echoed/aCYRFff8jNkC?hl=en&gbpv=1&printsec=frontcover\\\" target=\\\"_blank\\\">Review</a></h4>\n  <h4><a href=\\\"https://www.amazon.com/Mountains-Echoed-Khaled-Hosseini/dp/1594632383/ref=pd_bxgy_img_d_sccl_2/133-7403046-9098023?pd_rd_w=bjuXK&content-id=amzn1.sym.839d7715-b862-4989-8f65-c6f9502d15f9&pf_rd_p=839d7715-b862-4989-8f65-c6f9502d15f9&pf_rd_r=7DXX27SCAGJWR8SGWZ13&pd_rd_wg=AqKw6&pd_rd_r=5b0835d1-2d1d-47f1-bee8-806755e04204&pd_rd_i=1594632383&psc=1\\\" target=\\\"_blank\\\">Complete book</a></h4>\n  </div>\n</section>\n</div>\n<footer><a href=\\\"https://www.khaledhosseinifoundation.org/\\\" target=\\\"_blank\\\">khaledhosseinifoundation.org/</a></footer>\n    </section>\n  </body>\n</html>\n\"","pass":false}}],"failureMessages":["Error: expect(received).toContain(expected) // indexOf\n\nExpected substring: \"<link rel=\\\"stylesheet\\\" href=\\\"styles.css\\\">\"\nReceived string:    \"<!DOCTYPE html>\n<html>\n  <head>\n    <link rel=\\\"stylesheet\\\" href=\\\"styles.css\\\" />\n    <link href='https://unpkg.com/boxicons@2.1.4/css/boxicons.min.css' rel='stylesheet'>\n  </head>\n  <body>\n    <!-- START NAV -->·\n    <nav id=\\\"navbar\\\" class=\\\"nav\\\">\n      <ul class=\\\"nav-list\\\">\n        <li>\n          <a href=\\\"#home\\\">Home</a>\n        </li>\n        <li>\n          <a href=\\\"#about\\\">About</a>\n        </li>\n        <li>\n          <a href=\\\"#books\\\">books</a>\n        </li>\n      </ul>\n    </nav>·\n    <!-- END NAV -->·\n    <!-- START WELCOME SECTION -->\n<div>\n    <section id=\\\"home\\\" class=\\\"welcome-section\\\">\n      <h1>I am Khaled Hosseini</h1>\n      <p class=\\\"accept\\\">a wrtiter</p><br>\n    </div>\n      <div class=\\\"home-sci\\\">\n        <a href=\\\"https://www.facebook.com/KhaledHosseini/\\\" target=\\\"_blank\\\"><i class='bx bxl-facebook'></i></a>\n        <a href=\\\"https://twitter.com/khaledhosseini?lang=en\\\" target=\\\"_blank\\\"><i class='bx bxl-twitter'></i></a>\n        <a href=\\\"https://www.instagram.com/khosseini/?hl=en\\\" target=\\\"_blank\\\"><i class='bx bxl-instagram-alt'></i></a>\n    </div>\n    </section>\n    <section>\n      <section id=\\\"about\\\">\n      <h2>About</h2>\n      <p>Khaled Hosseini (/ˈhɑːlɛd hoʊˈseɪni/;Persian خالد حسینی [ˈxɒled hoˈsejni]; born March 4, 1965) is an Afghan-American novelist, UNHCR goodwill ambassador, and former physician. His debut novel The Kite Runner (2003) was a critical and commercial success; the book and his subsequent novels have all been at least partially set in Afghanistan and have featured an Afghan as the protagonist. Hosseini's novels have enlightened the global audience about Afghanistan's people and culture <a href=\\\"https://en.wikipedia.org/wiki/Khaled_Hosseini\\\">....</a></p>\n        <img src=\\\"image/download.webp\\\" alt=\\\"KhaledHosseini\\\">\n      </section>\n      <section id=\\\"books\\\">\n      <h2>Books</h2>\n        <div class=\\\"book-container\\\">\n  <div class=\\\"book\\\">\n<h3>The Kite Runner</h3><br>\n<img src=\\\"image/The Kite Runner.jpeg\\\" alt=\\\"novel\\\">\n<h4><a href=\\\"https://thesassylibraryfox.wordpress.com/2021/12/19/review-the-kite-runner-khaled-hosseini/\\\" target=\\\"_blank\\\">Review</a></h4>\n   <h4><a href=\\\"https://www.amazon.es/Kite-Runner-Khaled-Hosseini/dp/1526604736\\\" target=\\\"_blank\\\">Complete book</a></h4>·\n  <h4><a href=\\\"https://www.primevideo.com/-/es/detail/The-Kite-Runner/0IQX26QL714KMGUM1Z7S78WH8U\\\" target=\\\"_blank\\\">Movie</a></h4>\n  </div>\n  <div class=\\\"book\\\">\n    <h3>A Thousand Splendid Suns</h3><br>\n    <img src=\\\"image/A Thousand Splendid Suns.jpeg\\\" alt=\\\"novel\\\">\n    <h4><a href=\\\"https://nerdybookarazzi.wordpress.com/2020/08/03/a-thousand-splendid-suns-by-khaled-hosseini-book-review/\\\" target=\\\"_blank\\\">Review</a></h4>\n  <h4><a href=\\\"https://www.amazon.com/Thousand-Splendid-Suns-Khaled-Hosseini/dp/159448385X\\\" target=\\\"_blank\\\">Complete book</a></h4>\n  </div>\n  <div class=\\\"book\\\">\n    <h3>And The Mountains Echoed</h3><br>\n    <img src=\\\"image/And The Mountains Echoed.jpeg\\\" alt=\\\"novel\\\">\n    <h4><a href=\\\"https://www.google.es/books/edition/And_the_Mountains_Echoed/aCYRFff8jNkC?hl=en&gbpv=1&printsec=frontcover\\\" target=\\\"_blank\\\">Review</a></h4>\n  <h4><a href=\\\"https://www.amazon.com/Mountains-Echoed-Khaled-Hosseini/dp/1594632383/ref=pd_bxgy_img_d_sccl_2/133-7403046-9098023?pd_rd_w=bjuXK&content-id=amzn1.sym.839d7715-b862-4989-8f65-c6f9502d15f9&pf_rd_p=839d7715-b862-4989-8f65-c6f9502d15f9&pf_rd_r=7DXX27SCAGJWR8SGWZ13&pd_rd_wg=AqKw6&pd_rd_r=5b0835d1-2d1d-47f1-bee8-806755e04204&pd_rd_i=1594632383&psc=1\\\" target=\\\"_blank\\\">Complete book</a></h4>\n  </div>\n</section>\n</div>\n<footer><a href=\\\"https://www.khaledhosseinifoundation.org/\\\" target=\\\"_blank\\\">khaledhosseinifoundation.org/</a></footer>\n    </section>\n  </body>\n</html>\n\"\n    at Object.toContain (/home/juan/Documents/dev/f-portfolio/front.spec.js:20:29)\n    at Promise.then.completed (/home/juan/Documents/dev/f-portfolio/node_modules/jest-circus/build/utils.js:298:28)\n    at new Promise (<anonymous>)\n    at callAsyncCircusFn (/home/juan/Documents/dev/f-portfolio/node_modules/jest-circus/build/utils.js:231:10)\n    at _callCircusTest (/home/juan/Documents/dev/f-portfolio/node_modules/jest-circus/build/run.js:316:40)\n    at processTicksAndRejections (node:internal/process/task_queues:95:5)\n    at _runTest (/home/juan/Documents/dev/f-portfolio/node_modules/jest-circus/build/run.js:252:3)\n    at _runTestsForDescribeBlock (/home/juan/Documents/dev/f-portfolio/node_modules/jest-circus/build/run.js:126:9)\n    at _runTestsForDescribeBlock (/home/juan/Documents/dev/f-portfolio/node_modules/jest-circus/build/run.js:121:9)\n    at run (/home/juan/Documents/dev/f-portfolio/node_modules/jest-circus/build/run.js:71:3)\n    at runAndTransformResultsToJestFormat (/home/juan/Documents/dev/f-portfolio/node_modules/jest-circus/build/legacy-code-todo-rewrite/jestAdapterInit.js:122:21)\n    at jestAdapter (/home/juan/Documents/dev/f-portfolio/node_modules/jest-circus/build/legacy-code-todo-rewrite/jestAdapter.js:79:19)\n    at runTestInternal (/home/juan/Documents/dev/f-portfolio/node_modules/jest-runner/build/runTest.js:367:16)\n    at runTest (/home/juan/Documents/dev/f-portfolio/node_modules/jest-runner/build/runTest.js:444:34)"],"fullName":"Rubric Evaluation 1. it should be linked to CSS stylesheet","invocations":1,"location":null,"numPassingAsserts":0,"retryReasons":[],"status":"failed","title":"1. it should be linked to CSS stylesheet"},{"ancestorTitles":["Rubric Evaluation"],"duration":1,"failureDetails":[{"matcherResult":{"message":"expect(received).toBeTruthy()\n\nReceived: null","pass":false}}],"failureMessages":["Error: expect(received).toBeTruthy()\n\nReceived: null\n    at Object.toBeTruthy (/home/juan/Documents/dev/f-portfolio/front.spec.js:24:32)\n    at Promise.then.completed (/home/juan/Documents/dev/f-portfolio/node_modules/jest-circus/build/utils.js:298:28)\n    at new Promise (<anonymous>)\n    at callAsyncCircusFn (/home/juan/Documents/dev/f-portfolio/node_modules/jest-circus/build/utils.js:231:10)\n    at _callCircusTest (/home/juan/Documents/dev/f-portfolio/node_modules/jest-circus/build/run.js:316:40)\n    at processTicksAndRejections (node:internal/process/task_queues:95:5)\n    at _runTest (/home/juan/Documents/dev/f-portfolio/node_modules/jest-circus/build/run.js:252:3)\n    at _runTestsForDescribeBlock (/home/juan/Documents/dev/f-portfolio/node_modules/jest-circus/build/run.js:126:9)\n    at _runTestsForDescribeBlock (/home/juan/Documents/dev/f-portfolio/node_modules/jest-circus/build/run.js:121:9)\n    at run (/home/juan/Documents/dev/f-portfolio/node_modules/jest-circus/build/run.js:71:3)\n    at runAndTransformResultsToJestFormat (/home/juan/Documents/dev/f-portfolio/node_modules/jest-circus/build/legacy-code-todo-rewrite/jestAdapterInit.js:122:21)\n    at jestAdapter (/home/juan/Documents/dev/f-portfolio/node_modules/jest-circus/build/legacy-code-todo-rewrite/jestAdapter.js:79:19)\n    at runTestInternal (/home/juan/Documents/dev/f-portfolio/node_modules/jest-runner/build/runTest.js:367:16)\n    at runTest (/home/juan/Documents/dev/f-portfolio/node_modules/jest-runner/build/runTest.js:444:34)"],"fullName":"Rubric Evaluation 2. it should have a welcome section","invocations":1,"location":null,"numPassingAsserts":0,"retryReasons":[],"status":"failed","title":"2. it should have a welcome section"},{"ancestorTitles":["Rubric Evaluation"],"duration":0,"failureDetails":[{}],"failureMessages":["TypeError: Cannot read properties of null (reading 'querySelector')\n    at Object.querySelector (/home/juan/Documents/dev/f-portfolio/front.spec.js:28:42)\n    at Promise.then.completed (/home/juan/Documents/dev/f-portfolio/node_modules/jest-circus/build/utils.js:298:28)\n    at new Promise (<anonymous>)\n    at callAsyncCircusFn (/home/juan/Documents/dev/f-portfolio/node_modules/jest-circus/build/utils.js:231:10)\n    at _callCircusTest (/home/juan/Documents/dev/f-portfolio/node_modules/jest-circus/build/run.js:316:40)\n    at processTicksAndRejections (node:internal/process/task_queues:95:5)\n    at _runTest (/home/juan/Documents/dev/f-portfolio/node_modules/jest-circus/build/run.js:252:3)\n    at _runTestsForDescribeBlock (/home/juan/Documents/dev/f-portfolio/node_modules/jest-circus/build/run.js:126:9)\n    at _runTestsForDescribeBlock (/home/juan/Documents/dev/f-portfolio/node_modules/jest-circus/build/run.js:121:9)\n    at run (/home/juan/Documents/dev/f-portfolio/node_modules/jest-circus/build/run.js:71:3)\n    at runAndTransformResultsToJestFormat (/home/juan/Documents/dev/f-portfolio/node_modules/jest-circus/build/legacy-code-todo-rewrite/jestAdapterInit.js:122:21)\n    at jestAdapter (/home/juan/Documents/dev/f-portfolio/node_modules/jest-circus/build/legacy-code-todo-rewrite/jestAdapter.js:79:19)\n    at runTestInternal (/home/juan/Documents/dev/f-portfolio/node_modules/jest-runner/build/runTest.js:367:16)\n    at runTest (/home/juan/Documents/dev/f-portfolio/node_modules/jest-runner/build/runTest.js:444:34)"],"fullName":"Rubric Evaluation 3. it should have a h1 element containing text inside welcome section","invocations":1,"location":null,"numPassingAsserts":0,"retryReasons":[],"status":"failed","title":"3. it should have a h1 element containing text inside welcome section"},{"ancestorTitles":["Rubric Evaluation"],"duration":1,"failureDetails":[{"matcherResult":{"message":"expect(received).toBeTruthy()\n\nReceived: null","pass":false}}],"failureMessages":["Error: expect(received).toBeTruthy()\n\nReceived: null\n    at Object.toBeTruthy (/home/juan/Documents/dev/f-portfolio/front.spec.js:34:33)\n    at Promise.then.completed (/home/juan/Documents/dev/f-portfolio/node_modules/jest-circus/build/utils.js:298:28)\n    at new Promise (<anonymous>)\n    at callAsyncCircusFn (/home/juan/Documents/dev/f-portfolio/node_modules/jest-circus/build/utils.js:231:10)\n    at _callCircusTest (/home/juan/Documents/dev/f-portfolio/node_modules/jest-circus/build/run.js:316:40)\n    at processTicksAndRejections (node:internal/process/task_queues:95:5)\n    at _runTest (/home/juan/Documents/dev/f-portfolio/node_modules/jest-circus/build/run.js:252:3)\n    at _runTestsForDescribeBlock (/home/juan/Documents/dev/f-portfolio/node_modules/jest-circus/build/run.js:126:9)\n    at _runTestsForDescribeBlock (/home/juan/Documents/dev/f-portfolio/node_modules/jest-circus/build/run.js:121:9)\n    at run (/home/juan/Documents/dev/f-portfolio/node_modules/jest-circus/build/run.js:71:3)\n    at runAndTransformResultsToJestFormat (/home/juan/Documents/dev/f-portfolio/node_modules/jest-circus/build/legacy-code-todo-rewrite/jestAdapterInit.js:122:21)\n    at jestAdapter (/home/juan/Documents/dev/f-portfolio/node_modules/jest-circus/build/legacy-code-todo-rewrite/jestAdapter.js:79:19)\n    at runTestInternal (/home/juan/Documents/dev/f-portfolio/node_modules/jest-runner/build/runTest.js:367:16)\n    at runTest (/home/juan/Documents/dev/f-portfolio/node_modules/jest-runner/build/runTest.js:444:34)"],"fullName":"Rubric Evaluation 4. it should have a Projects section with id of projects","invocations":1,"location":null,"numPassingAsserts":0,"retryReasons":[],"status":"failed","title":"4. it should have a Projects section with id of projects"},{"ancestorTitles":["Rubric Evaluation"],"duration":1,"failureDetails":[{}],"failureMessages":["TypeError: Cannot read properties of null (reading 'querySelectorAll')\n    at Object.querySelectorAll (/home/juan/Documents/dev/f-portfolio/front.spec.js:39:47)\n    at Promise.then.completed (/home/juan/Documents/dev/f-portfolio/node_modules/jest-circus/build/utils.js:298:28)\n    at new Promise (<anonymous>)\n    at callAsyncCircusFn (/home/juan/Documents/dev/f-portfolio/node_modules/jest-circus/build/utils.js:231:10)\n    at _callCircusTest (/home/juan/Documents/dev/f-portfolio/node_modules/jest-circus/build/run.js:316:40)\n    at processTicksAndRejections (node:internal/process/task_queues:95:5)\n    at _runTest (/home/juan/Documents/dev/f-portfolio/node_modules/jest-circus/build/run.js:252:3)\n    at _runTestsForDescribeBlock (/home/juan/Documents/dev/f-portfolio/node_modules/jest-circus/build/run.js:126:9)\n    at _runTestsForDescribeBlock (/home/juan/Documents/dev/f-portfolio/node_modules/jest-circus/build/run.js:121:9)\n    at run (/home/juan/Documents/dev/f-portfolio/node_modules/jest-circus/build/run.js:71:3)\n    at runAndTransformResultsToJestFormat (/home/juan/Documents/dev/f-portfolio/node_modules/jest-circus/build/legacy-code-todo-rewrite/jestAdapterInit.js:122:21)\n    at jestAdapter (/home/juan/Documents/dev/f-portfolio/node_modules/jest-circus/build/legacy-code-todo-rewrite/jestAdapter.js:79:19)\n    at runTestInternal (/home/juan/Documents/dev/f-portfolio/node_modules/jest-runner/build/runTest.js:367:16)\n    at runTest (/home/juan/Documents/dev/f-portfolio/node_modules/jest-runner/build/runTest.js:444:34)"],"fullName":"Rubric Evaluation 5. Projects section should contain at least one project title","invocations":1,"location":null,"numPassingAsserts":0,"retryReasons":[],"status":"failed","title":"5. Projects section should contain at least one project title"},{"ancestorTitles":["Rubric Evaluation"],"duration":1,"failureDetails":[{}],"failureMessages":["TypeError: Cannot read properties of null (reading 'querySelectorAll')\n    at Object.querySelectorAll (/home/juan/Documents/dev/f-portfolio/front.spec.js:44:46)\n    at Promise.then.completed (/home/juan/Documents/dev/f-portfolio/node_modules/jest-circus/build/utils.js:298:28)\n    at new Promise (<anonymous>)\n    at callAsyncCircusFn (/home/juan/Documents/dev/f-portfolio/node_modules/jest-circus/build/utils.js:231:10)\n    at _callCircusTest (/home/juan/Documents/dev/f-portfolio/node_modules/jest-circus/build/run.js:316:40)\n    at processTicksAndRejections (node:internal/process/task_queues:95:5)\n    at _runTest (/home/juan/Documents/dev/f-portfolio/node_modules/jest-circus/build/run.js:252:3)\n    at _runTestsForDescribeBlock (/home/juan/Documents/dev/f-portfolio/node_modules/jest-circus/build/run.js:126:9)\n    at _runTestsForDescribeBlock (/home/juan/Documents/dev/f-portfolio/node_modules/jest-circus/build/run.js:121:9)\n    at run (/home/juan/Documents/dev/f-portfolio/node_modules/jest-circus/build/run.js:71:3)\n    at runAndTransformResultsToJestFormat (/home/juan/Documents/dev/f-portfolio/node_modules/jest-circus/build/legacy-code-todo-rewrite/jestAdapterInit.js:122:21)\n    at jestAdapter (/home/juan/Documents/dev/f-portfolio/node_modules/jest-circus/build/legacy-code-todo-rewrite/jestAdapter.js:79:19)\n    at runTestInternal (/home/juan/Documents/dev/f-portfolio/node_modules/jest-runner/build/runTest.js:367:16)\n    at runTest (/home/juan/Documents/dev/f-portfolio/node_modules/jest-runner/build/runTest.js:444:34)"],"fullName":"Rubric Evaluation 6. Projects section should contain at least one link","invocations":1,"location":null,"numPassingAsserts":0,"retryReasons":[],"status":"failed","title":"6. Projects section should contain at least one link"},{"ancestorTitles":["Rubric Evaluation"],"duration":0,"failureDetails":[],"failureMessages":[],"fullName":"Rubric Evaluation 7. Navbar exists with id of navbar","invocations":1,"location":null,"numPassingAsserts":1,"retryReasons":[],"status":"passed","title":"7. Navbar exists with id of navbar"},{"ancestorTitles":["Rubric Evaluation"],"duration":10,"failureDetails":[],"failureMessages":[],"fullName":"Rubric Evaluation 8. Navbar shoul contain at least one clickable link","invocations":1,"location":null,"numPassingAsserts":2,"retryReasons":[],"status":"passed","title":"8. Navbar shoul contain at least one clickable link"},{"ancestorTitles":["Rubric Evaluation"],"duration":0,"failureDetails":[{}],"failureMessages":["TypeError: Cannot read properties of null (reading 'getAttribute')\n    at Object.getAttribute (/home/juan/Documents/dev/f-portfolio/front.spec.js:60:33)\n    at Promise.then.completed (/home/juan/Documents/dev/f-portfolio/node_modules/jest-circus/build/utils.js:298:28)\n    at new Promise (<anonymous>)\n    at callAsyncCircusFn (/home/juan/Documents/dev/f-portfolio/node_modules/jest-circus/build/utils.js:231:10)\n    at _callCircusTest (/home/juan/Documents/dev/f-portfolio/node_modules/jest-circus/build/run.js:316:40)\n    at processTicksAndRejections (node:internal/process/task_queues:95:5)\n    at _runTest (/home/juan/Documents/dev/f-portfolio/node_modules/jest-circus/build/run.js:252:3)\n    at _runTestsForDescribeBlock (/home/juan/Documents/dev/f-portfolio/node_modules/jest-circus/build/run.js:126:9)\n    at _runTestsForDescribeBlock (/home/juan/Documents/dev/f-portfolio/node_modules/jest-circus/build/run.js:121:9)\n    at run (/home/juan/Documents/dev/f-portfolio/node_modules/jest-circus/build/run.js:71:3)\n    at runAndTransformResultsToJestFormat (/home/juan/Documents/dev/f-portfolio/node_modules/jest-circus/build/legacy-code-todo-rewrite/jestAdapterInit.js:122:21)\n    at jestAdapter (/home/juan/Documents/dev/f-portfolio/node_modules/jest-circus/build/legacy-code-todo-rewrite/jestAdapter.js:79:19)\n    at runTestInternal (/home/juan/Documents/dev/f-portfolio/node_modules/jest-runner/build/runTest.js:367:16)\n    at runTest (/home/juan/Documents/dev/f-portfolio/node_modules/jest-runner/build/runTest.js:444:34)"],"fullName":"Rubric Evaluation Profile link exists and opens in a new tab","invocations":1,"location":null,"numPassingAsserts":0,"retryReasons":[],"status":"failed","title":"Profile link exists and opens in a new tab"},{"ancestorTitles":["Rubric Evaluation"],"duration":1,"failureDetails":[],"failureMessages":[],"fullName":"Rubric Evaluation 10. CSS file contains at least one media query","invocations":1,"location":null,"numPassingAsserts":1,"retryReasons":[],"status":"passed","title":"10. CSS file contains at least one media query"},{"ancestorTitles":["Rubric Evaluation"],"duration":2,"failureDetails":[],"failureMessages":[],"fullName":"Rubric Evaluation 11. Welcome section height is equal to viewport height","invocations":1,"location":null,"numPassingAsserts":0,"retryReasons":[],"status":"passed","title":"11. Welcome section height is equal to viewport height"},{"ancestorTitles":["Rubric Evaluation"],"duration":1,"failureDetails":[],"failureMessages":[],"fullName":"Rubric Evaluation 12. Navbar is always fixed at the top of the viewport","invocations":1,"location":null,"numPassingAsserts":1,"retryReasons":[],"status":"passed","title":"12. Navbar is always fixed at the top of the viewport"}],"endTime":1707433140873,"message":"  ● Rubric Evaluation › 1. it should be linked to CSS stylesheet\n\n    expect(received).toContain(expected) // indexOf\n\n    Expected substring: \"<link rel=\\\"stylesheet\\\" href=\\\"styles.css\\\">\"\n    Received string:    \"<!DOCTYPE html>\n    <html>\n      <head>\n        <link rel=\\\"stylesheet\\\" href=\\\"styles.css\\\" />\n        <link href='https://unpkg.com/boxicons@2.1.4/css/boxicons.min.css' rel='stylesheet'>\n      </head>\n      <body>\n        <!-- START NAV -->·\n        <nav id=\\\"navbar\\\" class=\\\"nav\\\">\n          <ul class=\\\"nav-list\\\">\n            <li>\n              <a href=\\\"#home\\\">Home</a>\n            </li>\n            <li>\n              <a href=\\\"#about\\\">About</a>\n            </li>\n            <li>\n              <a href=\\\"#books\\\">books</a>\n            </li>\n          </ul>\n        </nav>·\n        <!-- END NAV -->·\n        <!-- START WELCOME SECTION -->\n    <div>\n        <section id=\\\"home\\\" class=\\\"welcome-section\\\">\n          <h1>I am Khaled Hosseini</h1>\n          <p class=\\\"accept\\\">a wrtiter</p><br>\n        </div>\n          <div class=\\\"home-sci\\\">\n            <a href=\\\"https://www.facebook.com/KhaledHosseini/\\\" target=\\\"_blank\\\"><i class='bx bxl-facebook'></i></a>\n            <a href=\\\"https://twitter.com/khaledhosseini?lang=en\\\" target=\\\"_blank\\\"><i class='bx bxl-twitter'></i></a>\n            <a href=\\\"https://www.instagram.com/khosseini/?hl=en\\\" target=\\\"_blank\\\"><i class='bx bxl-instagram-alt'></i></a>\n        </div>\n        </section>\n        <section>\n          <section id=\\\"about\\\">\n          <h2>About</h2>\n          <p>Khaled Hosseini (/ˈhɑːlɛd hoʊˈseɪni/;Persian خالد حسینی [ˈxɒled hoˈsejni]; born March 4, 1965) is an Afghan-American novelist, UNHCR goodwill ambassador, and former physician. His debut novel The Kite Runner (2003) was a critical and commercial success; the book and his subsequent novels have all been at least partially set in Afghanistan and have featured an Afghan as the protagonist. Hosseini's novels have enlightened the global audience about Afghanistan's people and culture <a href=\\\"https://en.wikipedia.org/wiki/Khaled_Hosseini\\\">....</a></p>\n            <img src=\\\"image/download.webp\\\" alt=\\\"KhaledHosseini\\\">\n          </section>\n          <section id=\\\"books\\\">\n          <h2>Books</h2>\n            <div class=\\\"book-container\\\">\n      <div class=\\\"book\\\">\n    <h3>The Kite Runner</h3><br>\n    <img src=\\\"image/The Kite Runner.jpeg\\\" alt=\\\"novel\\\">\n    <h4><a href=\\\"https://thesassylibraryfox.wordpress.com/2021/12/19/review-the-kite-runner-khaled-hosseini/\\\" target=\\\"_blank\\\">Review</a></h4>\n       <h4><a href=\\\"https://www.amazon.es/Kite-Runner-Khaled-Hosseini/dp/1526604736\\\" target=\\\"_blank\\\">Complete book</a></h4>·\n      <h4><a href=\\\"https://www.primevideo.com/-/es/detail/The-Kite-Runner/0IQX26QL714KMGUM1Z7S78WH8U\\\" target=\\\"_blank\\\">Movie</a></h4>\n      </div>\n      <div class=\\\"book\\\">\n        <h3>A Thousand Splendid Suns</h3><br>\n        <img src=\\\"image/A Thousand Splendid Suns.jpeg\\\" alt=\\\"novel\\\">\n        <h4><a href=\\\"https://nerdybookarazzi.wordpress.com/2020/08/03/a-thousand-splendid-suns-by-khaled-hosseini-book-review/\\\" target=\\\"_blank\\\">Review</a></h4>\n      <h4><a href=\\\"https://www.amazon.com/Thousand-Splendid-Suns-Khaled-Hosseini/dp/159448385X\\\" target=\\\"_blank\\\">Complete book</a></h4>\n      </div>\n      <div class=\\\"book\\\">\n        <h3>And The Mountains Echoed</h3><br>\n        <img src=\\\"image/And The Mountains Echoed.jpeg\\\" alt=\\\"novel\\\">\n        <h4><a href=\\\"https://www.google.es/books/edition/And_the_Mountains_Echoed/aCYRFff8jNkC?hl=en&gbpv=1&printsec=frontcover\\\" target=\\\"_blank\\\">Review</a></h4>\n      <h4><a href=\\\"https://www.amazon.com/Mountains-Echoed-Khaled-Hosseini/dp/1594632383/ref=pd_bxgy_img_d_sccl_2/133-7403046-9098023?pd_rd_w=bjuXK&content-id=amzn1.sym.839d7715-b862-4989-8f65-c6f9502d15f9&pf_rd_p=839d7715-b862-4989-8f65-c6f9502d15f9&pf_rd_r=7DXX27SCAGJWR8SGWZ13&pd_rd_wg=AqKw6&pd_rd_r=5b0835d1-2d1d-47f1-bee8-806755e04204&pd_rd_i=1594632383&psc=1\\\" target=\\\"_blank\\\">Complete book</a></h4>\n      </div>\n    </section>\n    </div>\n    <footer><a href=\\\"https://www.khaledhosseinifoundation.org/\\\" target=\\\"_blank\\\">khaledhosseinifoundation.org/</a></footer>\n        </section>\n      </body>\n    </html>\n    \"\n\n      18 |     })\n      19 |     test('1. it should be linked to CSS stylesheet', () => {\n    > 20 |         expect(htmlContent).toContain('<link rel=\"stylesheet\" href=\"styles.css\">');\n         |                             ^\n      21 |     });\n      22 |     test('2. it should have a welcome section', () => {\n      23 |         const welcomeSection = htmlDoc.getElementById('welcome-section');\n\n      at Object.toContain (front.spec.js:20:29)\n\n  ● Rubric Evaluation › 2. it should have a welcome section\n\n    expect(received).toBeTruthy()\n\n    Received: null\n\n      22 |     test('2. it should have a welcome section', () => {\n      23 |         const welcomeSection = htmlDoc.getElementById('welcome-section');\n    > 24 |         expect(welcomeSection).toBeTruthy();\n         |                                ^\n      25 |     });\n      26 |     test('3. it should have a h1 element containing text inside welcome section', () => {\n      27 |         const welcomeSection = htmlDoc.getElementById('welcome-section');\n\n      at Object.toBeTruthy (front.spec.js:24:32)\n\n  ● Rubric Evaluation › 3. it should have a h1 element containing text inside welcome section\n\n    TypeError: Cannot read properties of null (reading 'querySelector')\n\n      26 |     test('3. it should have a h1 element containing text inside welcome section', () => {\n      27 |         const welcomeSection = htmlDoc.getElementById('welcome-section');\n    > 28 |         const h1Element = welcomeSection.querySelector('h1');\n         |                                          ^\n      29 |         expect(h1Element).toBeTruthy();\n      30 |         expect(h1Element.textContent.trim()).not.toBe('');\n      31 |     });\n\n      at Object.querySelector (front.spec.js:28:42)\n\n  ● Rubric Evaluation › 4. it should have a Projects section with id of projects\n\n    expect(received).toBeTruthy()\n\n    Received: null\n\n      32 |     test('4. it should have a Projects section with id of projects', () => {\n      33 |         const projectsSection = htmlDoc.getElementById('projects');\n    > 34 |         expect(projectsSection).toBeTruthy();\n         |                                 ^\n      35 |     });\n      36 |\n      37 |     test('5. Projects section should contain at least one project title', () => {\n\n      at Object.toBeTruthy (front.spec.js:34:33)\n\n  ● Rubric Evaluation › 5. Projects section should contain at least one project title\n\n    TypeError: Cannot read properties of null (reading 'querySelectorAll')\n\n      37 |     test('5. Projects section should contain at least one project title', () => {\n      38 |         const projectsSection = htmlDoc.getElementById('projects');\n    > 39 |         const projectTitles = projectsSection.querySelectorAll('.project-title');\n         |                                               ^\n      40 |         expect(projectTitles.length).toBeGreaterThan(0);\n      41 |     });\n      42 |     test('6. Projects section should contain at least one link', () => {\n\n      at Object.querySelectorAll (front.spec.js:39:47)\n\n  ● Rubric Evaluation › 6. Projects section should contain at least one link\n\n    TypeError: Cannot read properties of null (reading 'querySelectorAll')\n\n      42 |     test('6. Projects section should contain at least one link', () => {\n      43 |         const projectsSection = htmlDoc.getElementById('projects');\n    > 44 |         const projectLinks = projectsSection.querySelectorAll('a');\n         |                                              ^\n      45 |         expect(projectLinks.length).toBeGreaterThan(0);\n      46 |     });\n      47 |     test('7. Navbar exists with id of navbar', () => {\n\n      at Object.querySelectorAll (front.spec.js:44:46)\n\n  ● Rubric Evaluation › Profile link exists and opens in a new tab\n\n    TypeError: Cannot read properties of null (reading 'getAttribute')\n\n      58 |     test('Profile link exists and opens in a new tab', () => {\n      59 |         const profileLink = htmlDoc.getElementById('profile-link');\n    > 60 |         const src = profileLink.getAttribute('href');\n         |                                 ^\n      61 |         expect(profileLink).toBeTruthy();\n      62 |         expect(profileLink.getAttribute('target')).toBe('_blank');\n      63 |         // expect src to link to github or linkedin\n\n      at Object.getAttribute (front.spec.js:60:33)\n","name":"/home/juan/Documents/dev/f-portfolio/front.spec.js","startTime":1707433140506,"status":"failed","summary":""},{"assertionResults":[],"coverage":{},"endTime":1707433140971,"message":"  ● Test suite failed to run\n\n    Your test suite must contain at least one test.\n\n      at onResult (node_modules/@jest/core/build/TestScheduler.js:133:18)\n      at node_modules/@jest/core/build/TestScheduler.js:254:19\n      at node_modules/emittery/index.js:363:13\n          at Array.map (<anonymous>)\n      at Emittery.emit (node_modules/emittery/index.js:361:23)\n","name":"/home/juan/Documents/dev/f-portfolio/test.ts","startTime":1707433140971,"status":"failed","summary":""}],"wasInterrupted":false}
